<?xml version="1.0" encoding="UTF-8"?>
<testng-results ignored="0" total="1" passed="1" failed="0" skipped="0">
  <reporter-output>
  </reporter-output>
  <suite started-at="2022-12-20T23:18:53 IST" name="Default suite" finished-at="2022-12-20T23:18:53 IST" duration-ms="89">
    <groups>
    </groups>
    <test started-at="2022-12-20T23:18:53 IST" name="Default test" finished-at="2022-12-20T23:18:53 IST" duration-ms="89">
      <class name="demoTestng.TestNG">
        <test-method is-config="true" signature="method2()[pri:0, instance:demoTestng.TestNG@4d0f2471]" started-at="2022-12-20T23:18:53 IST" name="method2" finished-at="2022-12-20T23:18:53 IST" duration-ms="9" status="PASS">
          <reporter-output>
          </reporter-output>
        </test-method> <!-- method2 -->
        <test-method signature="method1()[pri:0, instance:demoTestng.TestNG@4d0f2471]" started-at="2022-12-20T23:18:53 IST" name="method1" finished-at="2022-12-20T23:18:53 IST" duration-ms="14" status="PASS">
          <reporter-output>
          </reporter-output>
        </test-method> <!-- method1 -->
        <test-method is-config="true" signature="method3()[pri:0, instance:demoTestng.TestNG@4d0f2471]" started-at="2022-12-20T23:18:53 IST" name="method3" finished-at="2022-12-20T23:18:53 IST" duration-ms="3" status="PASS">
          <reporter-output>
          </reporter-output>
        </test-method> <!-- method3 -->
      </class> <!-- demoTestng.TestNG -->
    </test> <!-- Default test -->
  </suite> <!-- Default suite -->
</testng-results>
